Arguments: 
  /usr/local/bin/node /usr/local/bin/yarn init

PATH: 
  /Users/altox/.rvm/gems/ruby-3.0.0/bin:/Users/altox/.rvm/gems/ruby-3.0.0@global/bin:/Users/altox/.rvm/rubies/ruby-3.0.0/bin:/opt/homebrew/bin:/opt/homebrew/sbin:/usr/local/bin:/usr/bin:/bin:/usr/sbin:/sbin:/Library/Apple/usr/bin:/Library/Frameworks/Mono.framework/Versions/Current/Commands:/Users/altox/.rvm/bin

Yarn version: 
  1.22.10

Node version: 
  16.0.0

Platform: 
  darwin arm64

Trace: 
  Error: canceled
      at Interface.<anonymous> (/usr/local/lib/node_modules/yarn/lib/cli.js:136216:13)
      at Interface.emit (node:events:365:28)
      at Interface._ttyWrite (node:readline:1007:16)
      at ReadStream.onkeypress (node:readline:271:10)
      at ReadStream.emit (node:events:365:28)
      at emitKeys (node:internal/readline/utils:358:14)
      at emitKeys.next (<anonymous>)
      at ReadStream.onData (node:readline:1281:36)
      at ReadStream.emit (node:events:365:28)
      at addChunk (node:internal/streams/readable:314:12)

npm manifest: 
  No manifest

yarn manifest: 
  No manifest

Lockfile: 
  No lockfile
